-------------------------------------------------------------------------------
Test set: com.example.springapp.SpringappApplicationTests
-------------------------------------------------------------------------------
Tests run: 1, Failures: 1, Errors: 0, Skipped: 0, Time elapsed: 4.594 s <<< FAILURE! - in com.example.springapp.SpringappApplicationTests
test_case1  Time elapsed: 0.098 s  <<< FAILURE!
java.lang.AssertionError: Status expected:<200> but was:<404>
	at com.example.springapp.SpringappApplicationTests.test_case1(SpringappApplicationTests.java:37)

